<?xml version="1.0" encoding="UTF-8" ?>
<testsuite tests="27" failures="0" name="cucumberOptions.TestRunner" time="0.004" errors="0" skipped="0">
  <properties>
    <property name="java.runtime.name" value="Java(TM) SE Runtime Environment"/>
    <property name="java.vm.version" value="12.0.2+10"/>
    <property name="sun.boot.library.path" value="C:\jdk-12.0.2\bin"/>
    <property name="maven.multiModuleProjectDirectory" value="C:\Users\DELL\eclipse-workspace\Automation"/>
    <property name="java.vm.vendor" value="Oracle Corporation"/>
    <property name="java.vendor.url" value="https://java.oracle.com/"/>
    <property name="guice.disable.misplaced.annotation.check" value="true"/>
    <property name="path.separator" value=";"/>
    <property name="java.vm.name" value="Java HotSpot(TM) 64-Bit Server VM"/>
    <property name="sun.os.patch.level" value=""/>
    <property name="user.script" value=""/>
    <property name="user.country" value="US"/>
    <property name="sun.java.launcher" value="SUN_STANDARD"/>
    <property name="java.vm.specification.name" value="Java Virtual Machine Specification"/>
    <property name="user.dir" value="C:\Users\DELL\eclipse-workspace\Automation"/>
    <property name="java.vm.compressedOopsMode" value="32-bit"/>
    <property name="java.runtime.version" value="12.0.2+10"/>
    <property name="java.awt.graphicsenv" value="sun.awt.Win32GraphicsEnvironment"/>
    <property name="os.arch" value="amd64"/>
    <property name="java.io.tmpdir" value="C:\Users\DELL\AppData\Local\Temp\"/>
    <property name="line.separator" value="
"/>
    <property name="java.vm.specification.vendor" value="Oracle Corporation"/>
    <property name="user.variant" value=""/>
    <property name="os.name" value="Windows 8.1"/>
    <property name="classworlds.conf" value="C:\apache-maven-3.6.3\bin\..\bin\m2.conf"/>
    <property name="sun.jnu.encoding" value="Cp1252"/>
    <property name="java.library.path" value="C:\jdk-12.0.2\bin;C:\Windows\Sun\Java\bin;C:\Windows\system32;C:\Windows;C:\jdk-12.0.2\bin;C:\Program Files\PuTTY\;C:\Program Files\nodejs\;C:\apache-maven-3.6.3\bin;C:\Windows\System32\;C:\jre1.8.0_211\bin;C:\Users\DELL\AppData\Roaming\npm\;."/>
    <property name="maven.conf" value="C:\apache-maven-3.6.3\bin\../conf"/>
    <property name="jdk.debug" value="release"/>
    <property name="java.class.version" value="56.0"/>
    <property name="java.specification.name" value="Java Platform API Specification"/>
    <property name="sun.management.compiler" value="HotSpot 64-Bit Tiered Compilers"/>
    <property name="os.version" value="6.3"/>
    <property name="library.jansi.path" value="C:\apache-maven-3.6.3\bin\..\lib\jansi-native"/>
    <property name="user.home" value="C:\Users\DELL"/>
    <property name="user.timezone" value="Asia/Calcutta"/>
    <property name="file.encoding" value="Cp1252"/>
    <property name="java.specification.version" value="12"/>
    <property name="user.name" value="DELL"/>
    <property name="java.class.path" value="C:\apache-maven-3.6.3\bin\..\boot\plexus-classworlds-2.6.0.jar"/>
    <property name="java.vm.specification.version" value="12"/>
    <property name="sun.arch.data.model" value="64"/>
    <property name="sun.java.command" value="org.codehaus.plexus.classworlds.launcher.Launcher test"/>
    <property name="java.home" value="C:\jdk-12.0.2"/>
    <property name="user.language" value="en"/>
    <property name="java.specification.vendor" value="Oracle Corporation"/>
    <property name="awt.toolkit" value="sun.awt.windows.WToolkit"/>
    <property name="java.vm.info" value="mixed mode, sharing"/>
    <property name="java.version" value="12.0.2"/>
    <property name="java.vendor" value="Oracle Corporation"/>
    <property name="sun.stderr.encoding" value="cp437"/>
    <property name="maven.home" value="C:\apache-maven-3.6.3\bin\.."/>
    <property name="file.separator" value="\"/>
    <property name="java.version.date" value="2019-07-16"/>
    <property name="java.vendor.url.bug" value="https://bugreport.java.com/bugreport/"/>
    <property name="sun.io.unicode.encoding" value="UnicodeLittle"/>
    <property name="sun.cpu.endian" value="little"/>
    <property name="sun.stdout.encoding" value="cp437"/>
    <property name="sun.desktop" value="windows"/>
    <property name="sun.cpu.isalist" value="amd64"/>
  </properties>
  <testcase classname="Scenario: Home page default login" name="Given User is on NetBanking landing page" time="0.001"/>
  <testcase classname="Scenario: Home page default login" name="When User Login into application with &quot;jin&quot; and &quot;1234&quot;" time="0"/>
  <testcase classname="Scenario: Home page default login" name="Then HomePage is displayed" time="0"/>
  <testcase classname="Scenario: Home page default login" name="And Cards are displayed" time="0"/>
  <testcase classname="Scenario: Home page default login" name="Scenario: Home page default login" time="0"/>
  <testcase classname="Scenario: Home page default login" name="Given User is on NetBanking landing page" time="0"/>
  <testcase classname="Scenario: Home page default login" name="When User Login into application with &quot;john&quot; and &quot;4321&quot;" time="0"/>
  <testcase classname="Scenario: Home page default login" name="Then HomePage is displayed" time="0"/>
  <testcase classname="Scenario: Home page default login" name="And Cards are not displayed" time="0"/>
  <testcase classname="Scenario: Home page default login" name="Scenario: Home page default login" time="0"/>
  <testcase classname="Scenario: DeletePlace" name="Given DeletePlace PayLoad" time="0.001"/>
  <testcase classname="Scenario: DeletePlace" name="When User submits &quot;DeletePlaceAPI&quot; with &quot;post&quot; request" time="0"/>
  <testcase classname="Scenario: DeletePlace" name="Then statuscode is displayed as 200" time="0"/>
  <testcase classname="Scenario: DeletePlace" name="And &quot;status&quot; is &quot;OK&quot;" time="0"/>
  <testcase classname="Scenario: DeletePlace" name="Scenario: DeletePlace" time="0"/>
  <testcase classname="| Gaurav technologies | Dutch | Old Town Road |" name="Given User builds Addplace request &quot;Gaurav technologies&quot; &quot;Dutch&quot; &quot;Old Town Road&quot;" time="0"/>
  <testcase classname="| Gaurav technologies | Dutch | Old Town Road |" name="When User submits &quot;AddPlaceAPI&quot; with &quot;post&quot; request" time="0"/>
  <testcase classname="| Gaurav technologies | Dutch | Old Town Road |" name="Then A new place is created" time="0"/>
  <testcase classname="| Gaurav technologies | Dutch | Old Town Road |" name="And statuscode is displayed as 200" time="0"/>
  <testcase classname="| Gaurav technologies | Dutch | Old Town Road |" name="And verify place_id created has &quot;Gaurav technologies&quot; with &quot;GetPlaceAPI&quot; and &quot;get&quot; request" time="0"/>
  <testcase classname="| Gaurav technologies | Dutch | Old Town Road |" name="| Gaurav technologies | Dutch | Old Town Road |" time="0.001"/>
  <testcase classname="| Himani technologies | Hindi | New Town Road |" name="Given User builds Addplace request &quot;Himani technologies&quot; &quot;Hindi&quot; &quot;New Town Road&quot;" time="0.001"/>
  <testcase classname="| Himani technologies | Hindi | New Town Road |" name="When User submits &quot;AddPlaceAPI&quot; with &quot;post&quot; request" time="0"/>
  <testcase classname="| Himani technologies | Hindi | New Town Road |" name="Then A new place is created" time="0"/>
  <testcase classname="| Himani technologies | Hindi | New Town Road |" name="And statuscode is displayed as 200" time="0"/>
  <testcase classname="| Himani technologies | Hindi | New Town Road |" name="And verify place_id created has &quot;Himani technologies&quot; with &quot;GetPlaceAPI&quot; and &quot;get&quot; request" time="0"/>
  <testcase classname="| Himani technologies | Hindi | New Town Road |" name="| Himani technologies | Hindi | New Town Road |" time="0"/>
</testsuite>